warning: tohost and fromhost symbols not in ELF; can't communicate with target
core   0: 0x00002000 (0x00000297) auipc   t0, 0x0
core   0: 3 0x00002000 (0x00000297) x5  0x00002000
core   0: 0x00002004 (0x02028593) addi    a1, t0, 32
core   0: 3 0x00002004 (0x02028593) x11 0x00002020
core   0: 0x00002008 (0xf1402573) csrr    a0, mhartid
core   0: 3 0x00002008 (0xf1402573) x10 0x00000000
core   0: 0x0000200c (0x0182a283) lw      t0, 24(t0)
core   0: 3 0x0000200c (0x0182a283) x5  0x80000000 mem 0x00002018
core   0: 0x00002010 (0x00028067) jr      t0
core   0: 3 0x00002010 (0x00028067)
core   0: 0x80000000 (0x00300693) li      a3, 3
core   0: 3 0x80000000 (0x00300693) x13 0x00000003
core   0: 0x80000004 (0x00d686b3) add     a3, a3, a3
core   0: 3 0x80000004 (0x00d686b3) x13 0x00000006
core   0: 0x80000008 (0x010000ef) jal     pc + 0x10
core   0: 3 0x80000008 (0x010000ef) x1  0x8000000c
core   0: 0x80000018 (0x00a00793) li      a5, 10
core   0: 3 0x80000018 (0x00a00793) x15 0x0000000a
core   0: 0x8000001c (0x00008067) ret
core   0: 3 0x8000001c (0x00008067)
core   0: 0x8000000c (0x00700713) li      a4, 7
core   0: 3 0x8000000c (0x00700713) x14 0x00000007
core   0: 0x80000010 (0x02e02e23) sw      a4, 60(zero)
core   0: 3 0x80000010 (0x02e02e23) mem 0x0000003c 0x00000007
core   0: 0x80000014 (0x0000006f) j       pc + 0x0
core   0: 3 0x80000014 (0x0000006f)
core   0: 3 0x80000014 (0x0000006f)
core   0: 3 0x80000014 (0x0000006f)
core   0: 3 0x80000014 (0x0000006f)
core   0: 3 0x80000014 (0x0000006f)
core   0: 3 0x80000014 (0x0000006f)
core   0: 3 0x80000014 (0x0000006f)
core   0: 3 0x80000014 (0x0000006f)
core   0: 3 0x80000014 (0x0000006f)
core   0: 3 0x80000014 (0x0000006f)
core   0: 3 0x80000014 (0x0000006f)
core   0: 3 0x80000014 (0x0000006f)
core   0: 3 0x80000014 (0x0000006f)
core   0: 3 0x80000014 (0x0000006f)
core   0: 3 0x80000014 (0x0000006f)
core   0: 3 0x80000014 (0x0000006f)
core   0: 3 0x80000014 (0x0000006f)
core   0: 3 0x80000014 (0x0000006f)
core   0: 3 0x80000014 (0x0000006f)
core   0: 3 0x80000014 (0x0000006f)
core   0: 3 0x80000014 (0x0000006f)
core   0: 3 0x80000014 (0x0000006f)
core   0: 3 0x80000014 (0x0000006f)
core   0: 3 0x80000014 (0x0000006f)
core   0: 3 0x80000014 (0x0000006f)
core   0: 3 0x80000014 (0x0000006f)
core   0: 3 0x80000014 (0x0000006f)
core   0: 3 0x80000014 (0x0000006f)
core   0: 3 0x80000014 (0x0000006f)
core   0: 3 0x80000014 (0x0000006f)
core   0: 3 0x80000014 (0x0000006f)
core   0: 3 0x80000014 (0x0000006f)
core   0: 3 0x80000014 (0x0000006f)
core   0: 3 0x80000014 (0x0000006f)
core   0: 3 0x80000014 (0x0000006f)
core   0: 3 0x80000014 (0x0000006f)
core   0: 3 0x80000014 (0x0000006f)
core   0: 3 0x80000014 (0x0000006f)
core   0: 3 0x80000014 (0x0000006f)
core   0: 3 0x80000014 (0x0000006f)
core   0: 3 0x80000014 (0x0000006f)
core   0: 3 0x80000014 (0x0000006f)
core   0: 3 0x80000014 (0x0000006f)
core   0: 3 0x80000014 (0x0000006f)
core   0: 3 0x80000014 (0x0000006f)
core   0: 3 0x80000014 (0x0000006f)
core   0: 3 0x80000014 (0x0000006f)
core   0: 3 0x80000014 (0x0000006f)
core   0: 3 0x80000014 (0x0000006f)
core   0: 3 0x80000014 (0x0000006f)
core   0: 3 0x80000014 (0x0000006f)
core   0: 3 0x80000014 (0x0000006f)
core   0: 3 0x80000014 (0x0000006f)
core   0: 3 0x80000014 (0x0000006f)
core   0: 3 0x80000014 (0x0000006f)
core   0: 3 0x80000014 (0x0000006f)
core   0: 3 0x80000014 (0x0000006f)
core   0: 3 0x80000014 (0x0000006f)
core   0: 3 0x80000014 (0x0000006f)
core   0: 3 0x80000014 (0x0000006f)
core   0: 3 0x80000014 (0x0000006f)
core   0: 3 0x80000014 (0x0000006f)
core   0: 3 0x80000014 (0x0000006f)
core   0: 3 0x80000014 (0x0000006f)
core   0: 3 0x80000014 (0x0000006f)
core   0: 3 0x80000014 (0x0000006f)
core   0: 3 0x80000014 (0x0000006f)
core   0: 3 0x80000014 (0x0000006f)
core   0: 3 0x80000014 (0x0000006f)
core   0: 3 0x80000014 (0x0000006f)
core   0: 3 0x80000014 (0x0000006f)
core   0: 3 0x80000014 (0x0000006f)
core   0: 3 0x80000014 (0x0000006f)
core   0: 3 0x80000014 (0x0000006f)
core   0: 3 0x80000014 (0x0000006f)
core   0: 3 0x80000014 (0x0000006f)
core   0: 3 0x80000014 (0x0000006f)
core   0: 3 0x80000014 (0x0000006f)
core   0: 3 0x80000014 (0x0000006f)
core   0: 3 0x80000014 (0x0000006f)
core   0: 3 0x80000014 (0x0000006f)
core   0: 3 0x80000014 (0x0000006f)
core   0: 3 0x80000014 (0x0000006f)
core   0: 3 0x80000014 (0x0000006f)
core   0: 3 0x80000014 (0x0000006f)
core   0: 3 0x80000014 (0x0000006f)
core   0: 3 0x80000014 (0x0000006f)
core   0: 3 0x80000014 (0x0000006f)
