warning: tohost and fromhost symbols not in ELF; can't communicate with target
core   0: 0x00002000 (0x00000297) auipc   t0, 0x0
core   0: 3 0x00002000 (0x00000297) x5  0x00002000
core   0: 0x00002004 (0x02028593) addi    a1, t0, 32
core   0: 3 0x00002004 (0x02028593) x11 0x00002020
core   0: 0x00002008 (0xf1402573) csrr    a0, mhartid
core   0: 3 0x00002008 (0xf1402573) x10 0x00000000
core   0: 0x0000200c (0x0182a283) lw      t0, 24(t0)
core   0: 3 0x0000200c (0x0182a283) x5  0x80000000 mem 0x00002018
core   0: 0x00002010 (0x00028067) jr      t0
core   0: 3 0x00002010 (0x00028067)
core   0: 0x80000000 (0x7ff00593) li      a1, 2047
core   0: 3 0x80000000 (0x7ff00593) x11 0x000007ff
core   0: 0x80000004 (0x00659593) slli    a1, a1, 6
core   0: 3 0x80000004 (0x00659593) x11 0x0001ffc0
core   0: 0x80000008 (0x02b01823) sh      a1, 48(zero)
core   0: 3 0x80000008 (0x02b01823) mem 0x00000030 0xffc0
core   0: 0x8000000c (0x03002603) lw      a2, 48(zero)
core   0: 3 0x8000000c (0x03002603) x12 0x0000ffc0 mem 0x00000030
core   0: 0x80000010 (0x02c02e23) sw      a2, 60(zero)
core   0: 3 0x80000010 (0x02c02e23) mem 0x0000003c 0x0000ffc0
core   0: 0x80000014 (0x0000006f) j       pc + 0x0
core   0: 3 0x80000014 (0x0000006f)
core   0: 3 0x80000014 (0x0000006f)
core   0: 3 0x80000014 (0x0000006f)
core   0: 3 0x80000014 (0x0000006f)
core   0: 3 0x80000014 (0x0000006f)
core   0: 3 0x80000014 (0x0000006f)
core   0: 3 0x80000014 (0x0000006f)
core   0: 3 0x80000014 (0x0000006f)
core   0: 3 0x80000014 (0x0000006f)
core   0: 3 0x80000014 (0x0000006f)
core   0: 3 0x80000014 (0x0000006f)
core   0: 3 0x80000014 (0x0000006f)
core   0: 3 0x80000014 (0x0000006f)
core   0: 3 0x80000014 (0x0000006f)
core   0: 3 0x80000014 (0x0000006f)
core   0: 3 0x80000014 (0x0000006f)
core   0: 3 0x80000014 (0x0000006f)
core   0: 3 0x80000014 (0x0000006f)
core   0: 3 0x80000014 (0x0000006f)
core   0: 3 0x80000014 (0x0000006f)
core   0: 3 0x80000014 (0x0000006f)
core   0: 3 0x80000014 (0x0000006f)
core   0: 3 0x80000014 (0x0000006f)
core   0: 3 0x80000014 (0x0000006f)
core   0: 3 0x80000014 (0x0000006f)
core   0: 3 0x80000014 (0x0000006f)
core   0: 3 0x80000014 (0x0000006f)
core   0: 3 0x80000014 (0x0000006f)
core   0: 3 0x80000014 (0x0000006f)
core   0: 3 0x80000014 (0x0000006f)
core   0: 3 0x80000014 (0x0000006f)
core   0: 3 0x80000014 (0x0000006f)
core   0: 3 0x80000014 (0x0000006f)
core   0: 3 0x80000014 (0x0000006f)
core   0: 3 0x80000014 (0x0000006f)
core   0: 3 0x80000014 (0x0000006f)
core   0: 3 0x80000014 (0x0000006f)
core   0: 3 0x80000014 (0x0000006f)
core   0: 3 0x80000014 (0x0000006f)
core   0: 3 0x80000014 (0x0000006f)
core   0: 3 0x80000014 (0x0000006f)
core   0: 3 0x80000014 (0x0000006f)
core   0: 3 0x80000014 (0x0000006f)
core   0: 3 0x80000014 (0x0000006f)
core   0: 3 0x80000014 (0x0000006f)
core   0: 3 0x80000014 (0x0000006f)
core   0: 3 0x80000014 (0x0000006f)
core   0: 3 0x80000014 (0x0000006f)
core   0: 3 0x80000014 (0x0000006f)
core   0: 3 0x80000014 (0x0000006f)
core   0: 3 0x80000014 (0x0000006f)
core   0: 3 0x80000014 (0x0000006f)
core   0: 3 0x80000014 (0x0000006f)
core   0: 3 0x80000014 (0x0000006f)
core   0: 3 0x80000014 (0x0000006f)
core   0: 3 0x80000014 (0x0000006f)
core   0: 3 0x80000014 (0x0000006f)
core   0: 3 0x80000014 (0x0000006f)
core   0: 3 0x80000014 (0x0000006f)
core   0: 3 0x80000014 (0x0000006f)
core   0: 3 0x80000014 (0x0000006f)
core   0: 3 0x80000014 (0x0000006f)
core   0: 3 0x80000014 (0x0000006f)
core   0: 3 0x80000014 (0x0000006f)
core   0: 3 0x80000014 (0x0000006f)
core   0: 3 0x80000014 (0x0000006f)
core   0: 3 0x80000014 (0x0000006f)
core   0: 3 0x80000014 (0x0000006f)
core   0: 3 0x80000014 (0x0000006f)
core   0: 3 0x80000014 (0x0000006f)
core   0: 3 0x80000014 (0x0000006f)
core   0: 3 0x80000014 (0x0000006f)
core   0: 3 0x80000014 (0x0000006f)
core   0: 3 0x80000014 (0x0000006f)
core   0: 3 0x80000014 (0x0000006f)
core   0: 3 0x80000014 (0x0000006f)
core   0: 3 0x80000014 (0x0000006f)
core   0: 3 0x80000014 (0x0000006f)
core   0: 3 0x80000014 (0x0000006f)
core   0: 3 0x80000014 (0x0000006f)
core   0: 3 0x80000014 (0x0000006f)
core   0: 3 0x80000014 (0x0000006f)
core   0: 3 0x80000014 (0x0000006f)
core   0: 3 0x80000014 (0x0000006f)
core   0: 3 0x80000014 (0x0000006f)
core   0: 3 0x80000014 (0x0000006f)
core   0: 3 0x80000014 (0x0000006f)
core   0: 3 0x80000014 (0x0000006f)
core   0: 3 0x80000014 (0x0000006f)
core   0: 3 0x80000014 (0x0000006f)
