warning: tohost and fromhost symbols not in ELF; can't communicate with target
core   0: 0x00002000 (0x00000297) auipc   t0, 0x0
core   0: 3 0x00002000 (0x00000297) x5  0x00002000
core   0: 0x00002004 (0x02028593) addi    a1, t0, 32
core   0: 3 0x00002004 (0x02028593) x11 0x00002020
core   0: 0x00002008 (0xf1402573) csrr    a0, mhartid
core   0: 3 0x00002008 (0xf1402573) x10 0x00000000
core   0: 0x0000200c (0x0182a283) lw      t0, 24(t0)
core   0: 3 0x0000200c (0x0182a283) x5  0x80000000 mem 0x00002018
core   0: 0x00002010 (0x00028067) jr      t0
core   0: 3 0x00002010 (0x00028067)
core   0: 0x80000000 (0x00100593) li      a1, 1
core   0: 3 0x80000000 (0x00100593) x11 0x00000001
core   0: 0x80000004 (0x00200613) li      a2, 2
core   0: 3 0x80000004 (0x00200613) x12 0x00000002
core   0: 0x80000008 (0x02b65063) bge     a2, a1, pc + 32
core   0: 3 0x80000008 (0x02b65063)
core   0: 0x80000028 (0x00f00713) li      a4, 15
core   0: 3 0x80000028 (0x00f00713) x14 0x0000000f
core   0: 0x8000002c (0x00c70733) add     a4, a4, a2
core   0: 3 0x8000002c (0x00c70733) x14 0x00000011
core   0: 0x80000030 (0xfec5d2e3) bge     a1, a2, pc - 28
core   0: 3 0x80000030 (0xfec5d2e3)
core   0: 0x80000034 (0x02e02e23) sw      a4, 60(zero)
core   0: 3 0x80000034 (0x02e02e23) mem 0x0000003c 0x00000011
core   0: 0x80000038 (0x0000006f) j       pc + 0x0
core   0: 3 0x80000038 (0x0000006f)
core   0: 3 0x80000038 (0x0000006f)
core   0: 3 0x80000038 (0x0000006f)
core   0: 3 0x80000038 (0x0000006f)
core   0: 3 0x80000038 (0x0000006f)
core   0: 3 0x80000038 (0x0000006f)
core   0: 3 0x80000038 (0x0000006f)
core   0: 3 0x80000038 (0x0000006f)
core   0: 3 0x80000038 (0x0000006f)
core   0: 3 0x80000038 (0x0000006f)
core   0: 3 0x80000038 (0x0000006f)
core   0: 3 0x80000038 (0x0000006f)
core   0: 3 0x80000038 (0x0000006f)
core   0: 3 0x80000038 (0x0000006f)
core   0: 3 0x80000038 (0x0000006f)
core   0: 3 0x80000038 (0x0000006f)
core   0: 3 0x80000038 (0x0000006f)
core   0: 3 0x80000038 (0x0000006f)
core   0: 3 0x80000038 (0x0000006f)
core   0: 3 0x80000038 (0x0000006f)
core   0: 3 0x80000038 (0x0000006f)
core   0: 3 0x80000038 (0x0000006f)
core   0: 3 0x80000038 (0x0000006f)
core   0: 3 0x80000038 (0x0000006f)
core   0: 3 0x80000038 (0x0000006f)
core   0: 3 0x80000038 (0x0000006f)
core   0: 3 0x80000038 (0x0000006f)
core   0: 3 0x80000038 (0x0000006f)
core   0: 3 0x80000038 (0x0000006f)
core   0: 3 0x80000038 (0x0000006f)
core   0: 3 0x80000038 (0x0000006f)
core   0: 3 0x80000038 (0x0000006f)
core   0: 3 0x80000038 (0x0000006f)
core   0: 3 0x80000038 (0x0000006f)
core   0: 3 0x80000038 (0x0000006f)
core   0: 3 0x80000038 (0x0000006f)
core   0: 3 0x80000038 (0x0000006f)
core   0: 3 0x80000038 (0x0000006f)
core   0: 3 0x80000038 (0x0000006f)
core   0: 3 0x80000038 (0x0000006f)
core   0: 3 0x80000038 (0x0000006f)
core   0: 3 0x80000038 (0x0000006f)
core   0: 3 0x80000038 (0x0000006f)
core   0: 3 0x80000038 (0x0000006f)
core   0: 3 0x80000038 (0x0000006f)
core   0: 3 0x80000038 (0x0000006f)
core   0: 3 0x80000038 (0x0000006f)
core   0: 3 0x80000038 (0x0000006f)
core   0: 3 0x80000038 (0x0000006f)
core   0: 3 0x80000038 (0x0000006f)
core   0: 3 0x80000038 (0x0000006f)
core   0: 3 0x80000038 (0x0000006f)
core   0: 3 0x80000038 (0x0000006f)
core   0: 3 0x80000038 (0x0000006f)
core   0: 3 0x80000038 (0x0000006f)
core   0: 3 0x80000038 (0x0000006f)
core   0: 3 0x80000038 (0x0000006f)
core   0: 3 0x80000038 (0x0000006f)
core   0: 3 0x80000038 (0x0000006f)
core   0: 3 0x80000038 (0x0000006f)
core   0: 3 0x80000038 (0x0000006f)
core   0: 3 0x80000038 (0x0000006f)
core   0: 3 0x80000038 (0x0000006f)
core   0: 3 0x80000038 (0x0000006f)
core   0: 3 0x80000038 (0x0000006f)
core   0: 3 0x80000038 (0x0000006f)
core   0: 3 0x80000038 (0x0000006f)
core   0: 3 0x80000038 (0x0000006f)
core   0: 3 0x80000038 (0x0000006f)
core   0: 3 0x80000038 (0x0000006f)
core   0: 3 0x80000038 (0x0000006f)
core   0: 3 0x80000038 (0x0000006f)
core   0: 3 0x80000038 (0x0000006f)
core   0: 3 0x80000038 (0x0000006f)
core   0: 3 0x80000038 (0x0000006f)
core   0: 3 0x80000038 (0x0000006f)
core   0: 3 0x80000038 (0x0000006f)
core   0: 3 0x80000038 (0x0000006f)
core   0: 3 0x80000038 (0x0000006f)
core   0: 3 0x80000038 (0x0000006f)
core   0: 3 0x80000038 (0x0000006f)
core   0: 3 0x80000038 (0x0000006f)
core   0: 3 0x80000038 (0x0000006f)
core   0: 3 0x80000038 (0x0000006f)
core   0: 3 0x80000038 (0x0000006f)
core   0: 3 0x80000038 (0x0000006f)
core   0: 3 0x80000038 (0x0000006f)
core   0: 3 0x80000038 (0x0000006f)
